<?xml version="1.0" encoding="UTF-8"?>
<testsuite xmlns:xsi="http://www.w3.org/2001/XMLSchema-instance" xsi:noNamespaceSchemaLocation="https://maven.apache.org/surefire/maven-surefire-plugin/xsd/surefire-test-report-3.0.xsd" version="3.0" name="com.example.calculator.testrunner.TestRunner" time="13.038" tests="6" errors="0" skipped="0" failures="1">
  <properties>
[...]
</properties>
  <testcase name="Site returns HTTP 200 on GET /" classname="API uptime check for calculator site" time="3.769">
    <system-out><![CDATA[
@API
Scenario: Site returns HTTP 200 on GET /    # src/test/resources/features/api_test.feature:3
  Given I have the calculator base URL      # com.example.calculator.stepdefinitions.ApiSteps.baseUrl()
  When I send a GET request to the base URL # com.example.calculator.stepdefinitions.ApiSteps.get()
  Then the response status should be 200    # com.example.calculator.stepdefinitions.ApiSteps.verify(java.lang.Integer)
]]></system-out>
    <system-err><![CDATA[SLF4J(W): No SLF4J providers were found.
SLF4J(W): Defaulting to no-operation (NOP) logger implementation
SLF4J(W): See https://www.slf4j.org/codes.html#noProviders for further details.
Oct 16, 2025 11:39:28 PM org.openqa.selenium.devtools.CdpVersionFinder findNearestMatch
WARNING: Unable to find CDP implementation matching 141
Oct 16, 2025 11:39:28 PM org.openqa.selenium.chromium.ChromiumDriver lambda$new$5
WARNING: Unable to find version of CDP to use for 141.0.7390.55. You may need to include a dependency on a specific version of the CDP using something similar to `org.seleniumhq.selenium:selenium-devtools-v86:4.23.1` where the version ("v86") matches the version of the chromium-based browser you're using and the version number of the artifact is the same as Selenium's.
]]></system-err>
  </testcase>
  <testcase name="Calculator elements should be visible" classname="Check UI Elements visibility" time="1.607">
    <system-out><![CDATA[
@UI
Scenario: Calculator elements should be visible # src/test/resources/features/ui_test.feature:3
  Given User is in the calculator page          # com.example.calculator.stepdefinitions.UiSteps.checkPage()
  Then User should see the calculator elements  # com.example.calculator.stepdefinitions.UiSteps.verify()
]]></system-out>
    <system-err><![CDATA[Oct 16, 2025 11:39:30 PM org.openqa.selenium.devtools.CdpVersionFinder findNearestMatch
WARNING: Unable to find CDP implementation matching 141
Oct 16, 2025 11:39:30 PM org.openqa.selenium.chromium.ChromiumDriver lambda$new$5
WARNING: Unable to find version of CDP to use for 141.0.7390.55. You may need to include a dependency on a specific version of the CDP using something similar to `org.seleniumhq.selenium:selenium-devtools-v86:4.23.1` where the version ("v86") matches the version of the chromium-based browser you're using and the version number of the artifact is the same as Selenium's.
]]></system-err>
  </testcase>
  <testcase name="Perform basic math #1" classname="Calculator unit operations" time="2.072">
    <failure message="[Verify calculator result equals expected] &#10;Expecting actual:&#10;  6.0&#10;to be close to:&#10;  5.0&#10;by less than 0.001 but difference was 1.0.&#10;(a difference of exactly 0.001 being considered valid)" type="java.lang.AssertionError"><![CDATA[java.lang.AssertionError: 
[Verify calculator result equals expected] 
Expecting actual:
  6.0
to be close to:
  5.0
by less than 0.001 but difference was 1.0.
(a difference of exactly 0.001 being considered valid)
	at com.example.calculator.stepdefinitions.UnitSteps.verify(UnitSteps.java:47)
	at ✽.the result should be 5(file:///C:/Users/JunnelLMiguel/eclipse-workspace/calculator-test-demo/src/test/resources/features/unit_test.feature:6)
]]></failure>
    <system-out><![CDATA[
@UNIT
Scenario Outline: Perform basic math # src/test/resources/features/unit_test.feature:9
  Given two numbers 2 and 3          # com.example.calculator.stepdefinitions.UnitSteps.nums(double,double)
  When I add them                    # com.example.calculator.stepdefinitions.UnitSteps.performOperation(java.lang.String)
  Then the result should be 5        # com.example.calculator.stepdefinitions.UnitSteps.verify(double)
      java.lang.AssertionError: [Verify calculator result equals expected] 
Expecting actual:
  6.0
to be close to:
  5.0
by less than 0.001 but difference was 1.0.
(a difference of exactly 0.001 being considered valid)
	at com.example.calculator.stepdefinitions.UnitSteps.verify(UnitSteps.java:47)
	at ✽.the result should be 5(file:///C:/Users/JunnelLMiguel/eclipse-workspace/calculator-test-demo/src/test/resources/features/unit_test.feature:6)

]]></system-out>
    <system-err><![CDATA[Oct 16, 2025 11:39:32 PM org.openqa.selenium.devtools.CdpVersionFinder findNearestMatch
WARNING: Unable to find CDP implementation matching 141
Oct 16, 2025 11:39:32 PM org.openqa.selenium.chromium.ChromiumDriver lambda$new$5
WARNING: Unable to find version of CDP to use for 141.0.7390.55. You may need to include a dependency on a specific version of the CDP using something similar to `org.seleniumhq.selenium:selenium-devtools-v86:4.23.1` where the version ("v86") matches the version of the chromium-based browser you're using and the version number of the artifact is the same as Selenium's.
]]></system-err>
  </testcase>
  <testcase name="Perform basic math #2" classname="Calculator unit operations" time="1.872">
    <system-out><![CDATA[
@UNIT
Scenario Outline: Perform basic math # src/test/resources/features/unit_test.feature:10
  Given two numbers 10 and 4         # com.example.calculator.stepdefinitions.UnitSteps.nums(double,double)
  When I subtract them               # com.example.calculator.stepdefinitions.UnitSteps.performOperation(java.lang.String)
  Then the result should be 6        # com.example.calculator.stepdefinitions.UnitSteps.verify(double)
]]></system-out>
    <system-err><![CDATA[Oct 16, 2025 11:39:34 PM org.openqa.selenium.devtools.CdpVersionFinder findNearestMatch
WARNING: Unable to find CDP implementation matching 141
Oct 16, 2025 11:39:34 PM org.openqa.selenium.chromium.ChromiumDriver lambda$new$5
WARNING: Unable to find version of CDP to use for 141.0.7390.55. You may need to include a dependency on a specific version of the CDP using something similar to `org.seleniumhq.selenium:selenium-devtools-v86:4.23.1` where the version ("v86") matches the version of the chromium-based browser you're using and the version number of the artifact is the same as Selenium's.
]]></system-err>
  </testcase>
  <testcase name="Perform basic math #3" classname="Calculator unit operations" time="1.836">
    <system-out><![CDATA[
@UNIT
Scenario Outline: Perform basic math # src/test/resources/features/unit_test.feature:11
  Given two numbers 7 and 6          # com.example.calculator.stepdefinitions.UnitSteps.nums(double,double)
  When I multiply them               # com.example.calculator.stepdefinitions.UnitSteps.performOperation(java.lang.String)
  Then the result should be 42       # com.example.calculator.stepdefinitions.UnitSteps.verify(double)
]]></system-out>
    <system-err><![CDATA[Oct 16, 2025 11:39:36 PM org.openqa.selenium.devtools.CdpVersionFinder findNearestMatch
WARNING: Unable to find CDP implementation matching 141
Oct 16, 2025 11:39:36 PM org.openqa.selenium.chromium.ChromiumDriver lambda$new$5
WARNING: Unable to find version of CDP to use for 141.0.7390.55. You may need to include a dependency on a specific version of the CDP using something similar to `org.seleniumhq.selenium:selenium-devtools-v86:4.23.1` where the version ("v86") matches the version of the chromium-based browser you're using and the version number of the artifact is the same as Selenium's.
]]></system-err>
  </testcase>
  <testcase name="Perform basic math #4" classname="Calculator unit operations" time="1.821">
    <system-out><![CDATA[
@UNIT
Scenario Outline: Perform basic math # src/test/resources/features/unit_test.feature:12
  Given two numbers 10 and 5         # com.example.calculator.stepdefinitions.UnitSteps.nums(double,double)
  When I divide them                 # com.example.calculator.stepdefinitions.UnitSteps.performOperation(java.lang.String)
  Then the result should be 2        # com.example.calculator.stepdefinitions.UnitSteps.verify(double)
]]></system-out>
    <system-err><![CDATA[Oct 16, 2025 11:39:38 PM org.openqa.selenium.devtools.CdpVersionFinder findNearestMatch
WARNING: Unable to find CDP implementation matching 141
Oct 16, 2025 11:39:38 PM org.openqa.selenium.chromium.ChromiumDriver lambda$new$5
WARNING: Unable to find version of CDP to use for 141.0.7390.55. You may need to include a dependency on a specific version of the CDP using something similar to `org.seleniumhq.selenium:selenium-devtools-v86:4.23.1` where the version ("v86") matches the version of the chromium-based browser you're using and the version number of the artifact is the same as Selenium's.
]]></system-err>
  </testcase>
</testsuite>